<?xml version="1.0" encoding="UTF-8"?>
<testsuite name="com.invillia.banktestunitintegration.integrationTest.FindAccountIntegrationTest" tests="7" skipped="0" failures="0" errors="0" timestamp="2019-11-26T19:55:13" hostname="incubadora-Latitude-3540" time="11.258">
  <properties/>
  <testcase name="shouldFindAllByAccountTypeEnumtWithSuccessTest()" classname="com.invillia.banktestunitintegration.integrationTest.FindAccountIntegrationTest" time="1.646"/>
  <testcase name="shouldFindAllByNumberAccountWithSuccessTest()" classname="com.invillia.banktestunitintegration.integrationTest.FindAccountIntegrationTest" time="1.701"/>
  <testcase name="shouldFindAllByBalanceWithSuccessTest()" classname="com.invillia.banktestunitintegration.integrationTest.FindAccountIntegrationTest" time="1.477"/>
  <testcase name="shouldFindAllByAgencyWithSuccessTest()" classname="com.invillia.banktestunitintegration.integrationTest.FindAccountIntegrationTest" time="1.638"/>
  <testcase name="shouldFindAllWithSuccessTest()" classname="com.invillia.banktestunitintegration.integrationTest.FindAccountIntegrationTest" time="1.394"/>
  <testcase name="shouldFindAllByLimitAccountWithSuccessTest()" classname="com.invillia.banktestunitintegration.integrationTest.FindAccountIntegrationTest" time="1.482"/>
  <testcase name="shouldFindAllByCustomerIdWithSuccessTest()" classname="com.invillia.banktestunitintegration.integrationTest.FindAccountIntegrationTest" time="1.911"/>
  <system-out><![CDATA[2019-11-26 17:55:13.340  INFO 17156 --- [    Test worker] .b.t.c.SpringBootTestContextBootstrapper : Neither @ContextConfiguration nor @ContextHierarchy found for test class [com.invillia.banktestunitintegration.integrationTest.FindAccountIntegrationTest], using SpringBootContextLoader
2019-11-26 17:55:13.343  INFO 17156 --- [    Test worker] o.s.t.c.support.AbstractContextLoader    : Could not detect default resource locations for test class [com.invillia.banktestunitintegration.integrationTest.FindAccountIntegrationTest]: no resource found for suffixes {-context.xml, Context.groovy}.
2019-11-26 17:55:13.347  INFO 17156 --- [    Test worker] .b.t.c.SpringBootTestContextBootstrapper : Loaded default TestExecutionListener class names from location [META-INF/spring.factories]: [org.springframework.boot.test.autoconfigure.restdocs.RestDocsTestExecutionListener, org.springframework.boot.test.autoconfigure.web.client.MockRestServiceServerResetTestExecutionListener, org.springframework.boot.test.autoconfigure.web.servlet.MockMvcPrintOnlyOnFailureTestExecutionListener, org.springframework.boot.test.autoconfigure.web.servlet.WebDriverTestExecutionListener, org.springframework.boot.test.mock.mockito.MockitoTestExecutionListener, org.springframework.boot.test.mock.mockito.ResetMocksTestExecutionListener, org.springframework.test.context.web.ServletTestExecutionListener, org.springframework.test.context.support.DirtiesContextBeforeModesTestExecutionListener, org.springframework.test.context.support.DependencyInjectionTestExecutionListener, org.springframework.test.context.support.DirtiesContextTestExecutionListener, org.springframework.test.context.transaction.TransactionalTestExecutionListener, org.springframework.test.context.jdbc.SqlScriptsTestExecutionListener, org.springframework.test.context.event.EventPublishingTestExecutionListener]
2019-11-26 17:55:13.349  INFO 17156 --- [    Test worker] .b.t.c.SpringBootTestContextBootstrapper : Using TestExecutionListeners: [org.springframework.test.context.web.ServletTestExecutionListener@492ffd34, org.springframework.test.context.support.DirtiesContextBeforeModesTestExecutionListener@63e1d626, org.springframework.boot.test.mock.mockito.MockitoTestExecutionListener@65dcce06, org.springframework.boot.test.autoconfigure.SpringBootDependencyInjectionTestExecutionListener@1d6fb909, org.springframework.test.context.support.DirtiesContextTestExecutionListener@2b9f31cd, org.springframework.test.context.transaction.TransactionalTestExecutionListener@4622927e, org.springframework.test.context.jdbc.SqlScriptsTestExecutionListener@458dc842, org.springframework.test.context.event.EventPublishingTestExecutionListener@25ca960b, org.springframework.boot.test.autoconfigure.restdocs.RestDocsTestExecutionListener@7789ca26, org.springframework.boot.test.autoconfigure.web.client.MockRestServiceServerResetTestExecutionListener@256a07cb, org.springframework.boot.test.autoconfigure.web.servlet.MockMvcPrintOnlyOnFailureTestExecutionListener@e8e04fc, org.springframework.boot.test.autoconfigure.web.servlet.WebDriverTestExecutionListener@7f05a1e8, org.springframework.boot.test.mock.mockito.ResetMocksTestExecutionListener@46648cd4]
2019-11-26 17:55:13.356  INFO 17156 --- [    Test worker] o.s.s.concurrent.ThreadPoolTaskExecutor  : Shutting down ExecutorService 'applicationTaskExecutor'
2019-11-26 17:55:13.357  INFO 17156 --- [    Test worker] j.LocalContainerEntityManagerFactoryBean : Closing JPA EntityManagerFactory for persistence unit 'default'
2019-11-26 17:55:13.357  INFO 17156 --- [    Test worker] .SchemaDropperImpl$DelayedDropActionImpl : HHH000477: Starting delayed evictData of schema as part of SessionFactory shut-down'
2019-11-26 17:55:13.360  INFO 17156 --- [    Test worker] com.zaxxer.hikari.HikariDataSource       : HikariPool-12 - Shutdown initiated...
2019-11-26 17:55:13.433  INFO 17156 --- [    Test worker] com.zaxxer.hikari.HikariDataSource       : HikariPool-12 - Shutdown completed.

  .   ____          _            __ _ _
 /\\ / ___'_ __ _ _(_)_ __  __ _ \ \ \ \
( ( )\___ | '_ | '_| | '_ \/ _` | \ \ \ \
 \\/  ___)| |_)| | | | | || (_| |  ) ) ) )
  '  |____| .__|_| |_|_| |_\__, | / / / /
 =========|_|==============|___/=/_/_/_/
 :: Spring Boot ::        (v2.2.1.RELEASE)

2019-11-26 17:55:13.495  INFO 17156 --- [    Test worker] c.i.b.i.FindAccountIntegrationTest       : Starting FindAccountIntegrationTest on incubadora-Latitude-3540 with PID 17156 (started by incubadora in /home/incubadora/IdeaProjects/bank-test-unit-integration-simplified)
2019-11-26 17:55:13.495  INFO 17156 --- [    Test worker] c.i.b.i.FindAccountIntegrationTest       : No active profile set, falling back to default profiles: default
2019-11-26 17:55:13.687  INFO 17156 --- [    Test worker] .s.d.r.c.RepositoryConfigurationDelegate : Bootstrapping Spring Data repositories in DEFAULT mode.
2019-11-26 17:55:13.706  INFO 17156 --- [    Test worker] .s.d.r.c.RepositoryConfigurationDelegate : Finished Spring Data repository scanning in 18ms. Found 2 repository interfaces.
2019-11-26 17:55:13.804  INFO 17156 --- [    Test worker] trationDelegate$BeanPostProcessorChecker : Bean 'org.springframework.transaction.annotation.ProxyTransactionManagementConfiguration' of type [org.springframework.transaction.annotation.ProxyTransactionManagementConfiguration] is not eligible for getting processed by all BeanPostProcessors (for example: not eligible for auto-proxying)
2019-11-26 17:55:13.891  WARN 17156 --- [    Test worker] org.apache.tomcat.util.modeler.Registry  : The MBean registry cannot be disabled because it has already been initialised
2019-11-26 17:55:13.895  INFO 17156 --- [    Test worker] o.s.b.w.embedded.tomcat.TomcatWebServer  : Tomcat initialized with port(s): 0 (http)
2019-11-26 17:55:13.896  INFO 17156 --- [    Test worker] o.apache.catalina.core.StandardService   : Starting service [Tomcat]
2019-11-26 17:55:13.896  INFO 17156 --- [    Test worker] org.apache.catalina.core.StandardEngine  : Starting Servlet engine: [Apache Tomcat/9.0.27]
2019-11-26 17:55:13.922  INFO 17156 --- [    Test worker] o.a.c.c.C.[Tomcat].[localhost].[/]       : Initializing Spring embedded WebApplicationContext
2019-11-26 17:55:13.922  INFO 17156 --- [    Test worker] o.s.web.context.ContextLoader            : Root WebApplicationContext: initialization completed in 425 ms
2019-11-26 17:55:14.074  INFO 17156 --- [    Test worker] o.hibernate.jpa.internal.util.LogHelper  : HHH000204: Processing PersistenceUnitInfo [name: default]
2019-11-26 17:55:14.082  INFO 17156 --- [    Test worker] com.zaxxer.hikari.HikariDataSource       : HikariPool-13 - Starting...
2019-11-26 17:55:14.089  INFO 17156 --- [    Test worker] com.zaxxer.hikari.HikariDataSource       : HikariPool-13 - Start completed.
2019-11-26 17:55:14.090  INFO 17156 --- [    Test worker] org.hibernate.dialect.Dialect            : HHH000400: Using dialect: org.hibernate.dialect.H2Dialect
2019-11-26 17:55:14.185  INFO 17156 --- [    Test worker] o.h.e.t.j.p.i.JtaPlatformInitiator       : HHH000490: Using JtaPlatform implementation: [org.hibernate.engine.transaction.jta.platform.internal.NoJtaPlatform]
2019-11-26 17:55:14.186  INFO 17156 --- [    Test worker] j.LocalContainerEntityManagerFactoryBean : Initialized JPA EntityManagerFactory for persistence unit 'default'
2019-11-26 17:55:14.488  INFO 17156 --- [    Test worker] o.s.s.concurrent.ThreadPoolTaskExecutor  : Initializing ExecutorService 'applicationTaskExecutor'
2019-11-26 17:55:14.722  INFO 17156 --- [    Test worker] o.s.b.w.embedded.tomcat.TomcatWebServer  : Tomcat started on port(s): 37723 (http) with context path ''
2019-11-26 17:55:14.723  INFO 17156 --- [    Test worker] c.i.b.i.FindAccountIntegrationTest       : Started FindAccountIntegrationTest in 1.271 seconds (JVM running for 39.01)
Request method:	GET
Request URI:	http://localhost:37723/accounts?accountTypeString=CHECKING
Proxy:			<none>
Request params:	<none>
Query params:	accountTypeString=CHECKING
Form params:	<none>
Path params:	<none>
Headers:		Accept=*/*
				Content-Type=application/json; charset=UTF-8
Cookies:		<none>
Multiparts:		<none>
Body:			<none>
2019-11-26 17:55:14.852  INFO 17156 --- [-auto-13-exec-1] o.a.c.c.C.[Tomcat].[localhost].[/]       : Initializing Spring DispatcherServlet 'dispatcherServlet'
2019-11-26 17:55:14.852  INFO 17156 --- [-auto-13-exec-1] o.s.web.servlet.DispatcherServlet        : Initializing Servlet 'dispatcherServlet'
2019-11-26 17:55:14.862  INFO 17156 --- [-auto-13-exec-1] o.s.web.servlet.DispatcherServlet        : Completed initialization in 9 ms
HTTP/1.1 200 
Content-Type: application/json
Transfer-Encoding: chunked
Date: Tue, 26 Nov 2019 19:55:14 GMT

[
    {
        "id": 11,
        "numberAccount": "123456",
        "agency": "1111",
        "balance": 1000.0,
        "limitAccount": 200.0,
        "accountTypeString": "CHECKING",
        "customer": {
            "id": 11,
            "createdAt": "2019-11-26T17:55:14.802409",
            "updatedAt": "2019-11-26T17:55:14.802445",
            "cpf": "123.123.123-12",
            "name": "Rafael Marinho"
        },
        "createdAt": "26/11/2019 17:55:14",
        "updatedAt": "26/11/2019 17:55:14"
    }
]
2019-11-26 17:55:15.003  INFO 17156 --- [    Test worker] o.s.s.concurrent.ThreadPoolTaskExecutor  : Shutting down ExecutorService 'applicationTaskExecutor'
2019-11-26 17:55:15.004  INFO 17156 --- [    Test worker] j.LocalContainerEntityManagerFactoryBean : Closing JPA EntityManagerFactory for persistence unit 'default'
2019-11-26 17:55:15.004  INFO 17156 --- [    Test worker] .SchemaDropperImpl$DelayedDropActionImpl : HHH000477: Starting delayed evictData of schema as part of SessionFactory shut-down'
2019-11-26 17:55:15.007  INFO 17156 --- [    Test worker] com.zaxxer.hikari.HikariDataSource       : HikariPool-13 - Shutdown initiated...
2019-11-26 17:55:15.080  INFO 17156 --- [    Test worker] com.zaxxer.hikari.HikariDataSource       : HikariPool-13 - Shutdown completed.

  .   ____          _            __ _ _
 /\\ / ___'_ __ _ _(_)_ __  __ _ \ \ \ \
( ( )\___ | '_ | '_| | '_ \/ _` | \ \ \ \
 \\/  ___)| |_)| | | | | || (_| |  ) ) ) )
  '  |____| .__|_| |_|_| |_\__, | / / / /
 =========|_|==============|___/=/_/_/_/
 :: Spring Boot ::        (v2.2.1.RELEASE)

2019-11-26 17:55:15.143  INFO 17156 --- [    Test worker] c.i.b.i.FindAccountIntegrationTest       : Starting FindAccountIntegrationTest on incubadora-Latitude-3540 with PID 17156 (started by incubadora in /home/incubadora/IdeaProjects/bank-test-unit-integration-simplified)
2019-11-26 17:55:15.144  INFO 17156 --- [    Test worker] c.i.b.i.FindAccountIntegrationTest       : No active profile set, falling back to default profiles: default
2019-11-26 17:55:15.386  INFO 17156 --- [    Test worker] .s.d.r.c.RepositoryConfigurationDelegate : Bootstrapping Spring Data repositories in DEFAULT mode.
2019-11-26 17:55:15.397  INFO 17156 --- [    Test worker] .s.d.r.c.RepositoryConfigurationDelegate : Finished Spring Data repository scanning in 10ms. Found 2 repository interfaces.
2019-11-26 17:55:15.468  INFO 17156 --- [    Test worker] trationDelegate$BeanPostProcessorChecker : Bean 'org.springframework.transaction.annotation.ProxyTransactionManagementConfiguration' of type [org.springframework.transaction.annotation.ProxyTransactionManagementConfiguration] is not eligible for getting processed by all BeanPostProcessors (for example: not eligible for auto-proxying)
2019-11-26 17:55:15.582  WARN 17156 --- [    Test worker] org.apache.tomcat.util.modeler.Registry  : The MBean registry cannot be disabled because it has already been initialised
2019-11-26 17:55:15.587  INFO 17156 --- [    Test worker] o.s.b.w.embedded.tomcat.TomcatWebServer  : Tomcat initialized with port(s): 0 (http)
2019-11-26 17:55:15.588  INFO 17156 --- [    Test worker] o.apache.catalina.core.StandardService   : Starting service [Tomcat]
2019-11-26 17:55:15.589  INFO 17156 --- [    Test worker] org.apache.catalina.core.StandardEngine  : Starting Servlet engine: [Apache Tomcat/9.0.27]
2019-11-26 17:55:15.614  INFO 17156 --- [    Test worker] o.a.c.c.C.[Tomcat].[localhost].[/]       : Initializing Spring embedded WebApplicationContext
2019-11-26 17:55:15.614  INFO 17156 --- [    Test worker] o.s.web.context.ContextLoader            : Root WebApplicationContext: initialization completed in 467 ms
2019-11-26 17:55:15.754  INFO 17156 --- [    Test worker] o.hibernate.jpa.internal.util.LogHelper  : HHH000204: Processing PersistenceUnitInfo [name: default]
2019-11-26 17:55:15.760  INFO 17156 --- [    Test worker] com.zaxxer.hikari.HikariDataSource       : HikariPool-14 - Starting...
2019-11-26 17:55:15.771  INFO 17156 --- [    Test worker] com.zaxxer.hikari.HikariDataSource       : HikariPool-14 - Start completed.
2019-11-26 17:55:15.773  INFO 17156 --- [    Test worker] org.hibernate.dialect.Dialect            : HHH000400: Using dialect: org.hibernate.dialect.H2Dialect
2019-11-26 17:55:15.876  INFO 17156 --- [    Test worker] o.h.e.t.j.p.i.JtaPlatformInitiator       : HHH000490: Using JtaPlatform implementation: [org.hibernate.engine.transaction.jta.platform.internal.NoJtaPlatform]
2019-11-26 17:55:15.877  INFO 17156 --- [    Test worker] j.LocalContainerEntityManagerFactoryBean : Initialized JPA EntityManagerFactory for persistence unit 'default'
2019-11-26 17:55:16.199  INFO 17156 --- [    Test worker] o.s.s.concurrent.ThreadPoolTaskExecutor  : Initializing ExecutorService 'applicationTaskExecutor'
2019-11-26 17:55:16.490  INFO 17156 --- [    Test worker] o.s.b.w.embedded.tomcat.TomcatWebServer  : Tomcat started on port(s): 41737 (http) with context path ''
2019-11-26 17:55:16.491  INFO 17156 --- [    Test worker] c.i.b.i.FindAccountIntegrationTest       : Started FindAccountIntegrationTest in 1.393 seconds (JVM running for 40.778)
Request method:	GET
Request URI:	http://localhost:41737/accounts?numberAccount=999999
Proxy:			<none>
Request params:	<none>
Query params:	numberAccount=999999
Form params:	<none>
Path params:	<none>
Headers:		Accept=*/*
				Content-Type=application/json; charset=UTF-8
Cookies:		<none>
Multiparts:		<none>
Body:			<none>
2019-11-26 17:55:16.609  INFO 17156 --- [-auto-14-exec-1] o.a.c.c.C.[Tomcat].[localhost].[/]       : Initializing Spring DispatcherServlet 'dispatcherServlet'
2019-11-26 17:55:16.610  INFO 17156 --- [-auto-14-exec-1] o.s.web.servlet.DispatcherServlet        : Initializing Servlet 'dispatcherServlet'
2019-11-26 17:55:16.625  INFO 17156 --- [-auto-14-exec-1] o.s.web.servlet.DispatcherServlet        : Completed initialization in 14 ms
HTTP/1.1 200 
Content-Type: application/json
Transfer-Encoding: chunked
Date: Tue, 26 Nov 2019 19:55:16 GMT

[
    {
        "id": 11,
        "numberAccount": "999999",
        "agency": "1111",
        "balance": 1000.0,
        "limitAccount": 200.0,
        "accountTypeString": "SAVINGS",
        "customer": {
            "id": 11,
            "createdAt": "2019-11-26T17:55:16.585196",
            "updatedAt": "2019-11-26T17:55:16.585243",
            "cpf": "123.123.123-12",
            "name": "Rafael Marinho"
        },
        "createdAt": "26/11/2019 17:55:16",
        "updatedAt": "26/11/2019 17:55:16"
    }
]
2019-11-26 17:55:16.705  INFO 17156 --- [    Test worker] o.s.s.concurrent.ThreadPoolTaskExecutor  : Shutting down ExecutorService 'applicationTaskExecutor'
2019-11-26 17:55:16.705  INFO 17156 --- [    Test worker] j.LocalContainerEntityManagerFactoryBean : Closing JPA EntityManagerFactory for persistence unit 'default'
2019-11-26 17:55:16.706  INFO 17156 --- [    Test worker] .SchemaDropperImpl$DelayedDropActionImpl : HHH000477: Starting delayed evictData of schema as part of SessionFactory shut-down'
2019-11-26 17:55:16.708  INFO 17156 --- [    Test worker] com.zaxxer.hikari.HikariDataSource       : HikariPool-14 - Shutdown initiated...
2019-11-26 17:55:16.769  INFO 17156 --- [    Test worker] com.zaxxer.hikari.HikariDataSource       : HikariPool-14 - Shutdown completed.

  .   ____          _            __ _ _
 /\\ / ___'_ __ _ _(_)_ __  __ _ \ \ \ \
( ( )\___ | '_ | '_| | '_ \/ _` | \ \ \ \
 \\/  ___)| |_)| | | | | || (_| |  ) ) ) )
  '  |____| .__|_| |_|_| |_\__, | / / / /
 =========|_|==============|___/=/_/_/_/
 :: Spring Boot ::        (v2.2.1.RELEASE)

2019-11-26 17:55:16.849  INFO 17156 --- [    Test worker] c.i.b.i.FindAccountIntegrationTest       : Starting FindAccountIntegrationTest on incubadora-Latitude-3540 with PID 17156 (started by incubadora in /home/incubadora/IdeaProjects/bank-test-unit-integration-simplified)
2019-11-26 17:55:16.849  INFO 17156 --- [    Test worker] c.i.b.i.FindAccountIntegrationTest       : No active profile set, falling back to default profiles: default
2019-11-26 17:55:17.053  INFO 17156 --- [    Test worker] .s.d.r.c.RepositoryConfigurationDelegate : Bootstrapping Spring Data repositories in DEFAULT mode.
2019-11-26 17:55:17.073  INFO 17156 --- [    Test worker] .s.d.r.c.RepositoryConfigurationDelegate : Finished Spring Data repository scanning in 19ms. Found 2 repository interfaces.
2019-11-26 17:55:17.158  INFO 17156 --- [    Test worker] trationDelegate$BeanPostProcessorChecker : Bean 'org.springframework.transaction.annotation.ProxyTransactionManagementConfiguration' of type [org.springframework.transaction.annotation.ProxyTransactionManagementConfiguration] is not eligible for getting processed by all BeanPostProcessors (for example: not eligible for auto-proxying)
2019-11-26 17:55:17.252  WARN 17156 --- [    Test worker] org.apache.tomcat.util.modeler.Registry  : The MBean registry cannot be disabled because it has already been initialised
2019-11-26 17:55:17.255  INFO 17156 --- [    Test worker] o.s.b.w.embedded.tomcat.TomcatWebServer  : Tomcat initialized with port(s): 0 (http)
2019-11-26 17:55:17.256  INFO 17156 --- [    Test worker] o.apache.catalina.core.StandardService   : Starting service [Tomcat]
2019-11-26 17:55:17.257  INFO 17156 --- [    Test worker] org.apache.catalina.core.StandardEngine  : Starting Servlet engine: [Apache Tomcat/9.0.27]
2019-11-26 17:55:17.291  INFO 17156 --- [    Test worker] o.a.c.c.C.[Tomcat].[localhost].[/]       : Initializing Spring embedded WebApplicationContext
2019-11-26 17:55:17.291  INFO 17156 --- [    Test worker] o.s.web.context.ContextLoader            : Root WebApplicationContext: initialization completed in 440 ms
2019-11-26 17:55:17.417  INFO 17156 --- [    Test worker] o.hibernate.jpa.internal.util.LogHelper  : HHH000204: Processing PersistenceUnitInfo [name: default]
2019-11-26 17:55:17.423  INFO 17156 --- [    Test worker] com.zaxxer.hikari.HikariDataSource       : HikariPool-15 - Starting...
2019-11-26 17:55:17.431  INFO 17156 --- [    Test worker] com.zaxxer.hikari.HikariDataSource       : HikariPool-15 - Start completed.
2019-11-26 17:55:17.431  INFO 17156 --- [    Test worker] org.hibernate.dialect.Dialect            : HHH000400: Using dialect: org.hibernate.dialect.H2Dialect
2019-11-26 17:55:17.504  INFO 17156 --- [    Test worker] o.h.e.t.j.p.i.JtaPlatformInitiator       : HHH000490: Using JtaPlatform implementation: [org.hibernate.engine.transaction.jta.platform.internal.NoJtaPlatform]
2019-11-26 17:55:17.504  INFO 17156 --- [    Test worker] j.LocalContainerEntityManagerFactoryBean : Initialized JPA EntityManagerFactory for persistence unit 'default'
2019-11-26 17:55:17.789  INFO 17156 --- [    Test worker] o.s.s.concurrent.ThreadPoolTaskExecutor  : Initializing ExecutorService 'applicationTaskExecutor'
2019-11-26 17:55:18.007  INFO 17156 --- [    Test worker] o.s.b.w.embedded.tomcat.TomcatWebServer  : Tomcat started on port(s): 42281 (http) with context path ''
2019-11-26 17:55:18.008  INFO 17156 --- [    Test worker] c.i.b.i.FindAccountIntegrationTest       : Started FindAccountIntegrationTest in 1.219 seconds (JVM running for 42.295)
Request method:	GET
Request URI:	http://localhost:42281/accounts?balance=999999.99
Proxy:			<none>
Request params:	<none>
Query params:	balance=999999.99
Form params:	<none>
Path params:	<none>
Headers:		Accept=*/*
				Content-Type=application/json; charset=UTF-8
Cookies:		<none>
Multiparts:		<none>
Body:			<none>
2019-11-26 17:55:18.109  INFO 17156 --- [-auto-15-exec-1] o.a.c.c.C.[Tomcat].[localhost].[/]       : Initializing Spring DispatcherServlet 'dispatcherServlet'
2019-11-26 17:55:18.110  INFO 17156 --- [-auto-15-exec-1] o.s.web.servlet.DispatcherServlet        : Initializing Servlet 'dispatcherServlet'
2019-11-26 17:55:18.123  INFO 17156 --- [-auto-15-exec-1] o.s.web.servlet.DispatcherServlet        : Completed initialization in 13 ms
HTTP/1.1 200 
Content-Type: application/json
Transfer-Encoding: chunked
Date: Tue, 26 Nov 2019 19:55:18 GMT

[
    {
        "id": 11,
        "numberAccount": "123456",
        "agency": "1111",
        "balance": 999999.99,
        "limitAccount": 200.0,
        "accountTypeString": "SAVINGS",
        "customer": {
            "id": 11,
            "createdAt": "2019-11-26T17:55:18.086036",
            "updatedAt": "2019-11-26T17:55:18.086071",
            "cpf": "123.123.123-12",
            "name": "Rafael Marinho"
        },
        "createdAt": "26/11/2019 17:55:18",
        "updatedAt": "26/11/2019 17:55:18"
    }
]
2019-11-26 17:55:18.184  INFO 17156 --- [    Test worker] o.s.s.concurrent.ThreadPoolTaskExecutor  : Shutting down ExecutorService 'applicationTaskExecutor'
2019-11-26 17:55:18.185  INFO 17156 --- [    Test worker] j.LocalContainerEntityManagerFactoryBean : Closing JPA EntityManagerFactory for persistence unit 'default'
2019-11-26 17:55:18.185  INFO 17156 --- [    Test worker] .SchemaDropperImpl$DelayedDropActionImpl : HHH000477: Starting delayed evictData of schema as part of SessionFactory shut-down'
2019-11-26 17:55:18.189  INFO 17156 --- [    Test worker] com.zaxxer.hikari.HikariDataSource       : HikariPool-15 - Shutdown initiated...
2019-11-26 17:55:18.301  INFO 17156 --- [    Test worker] com.zaxxer.hikari.HikariDataSource       : HikariPool-15 - Shutdown completed.

  .   ____          _            __ _ _
 /\\ / ___'_ __ _ _(_)_ __  __ _ \ \ \ \
( ( )\___ | '_ | '_| | '_ \/ _` | \ \ \ \
 \\/  ___)| |_)| | | | | || (_| |  ) ) ) )
  '  |____| .__|_| |_|_| |_\__, | / / / /
 =========|_|==============|___/=/_/_/_/
 :: Spring Boot ::        (v2.2.1.RELEASE)

2019-11-26 17:55:18.368  INFO 17156 --- [    Test worker] c.i.b.i.FindAccountIntegrationTest       : Starting FindAccountIntegrationTest on incubadora-Latitude-3540 with PID 17156 (started by incubadora in /home/incubadora/IdeaProjects/bank-test-unit-integration-simplified)
2019-11-26 17:55:18.368  INFO 17156 --- [    Test worker] c.i.b.i.FindAccountIntegrationTest       : No active profile set, falling back to default profiles: default
2019-11-26 17:55:18.546  INFO 17156 --- [    Test worker] .s.d.r.c.RepositoryConfigurationDelegate : Bootstrapping Spring Data repositories in DEFAULT mode.
2019-11-26 17:55:18.558  INFO 17156 --- [    Test worker] .s.d.r.c.RepositoryConfigurationDelegate : Finished Spring Data repository scanning in 12ms. Found 2 repository interfaces.
2019-11-26 17:55:18.638  INFO 17156 --- [    Test worker] trationDelegate$BeanPostProcessorChecker : Bean 'org.springframework.transaction.annotation.ProxyTransactionManagementConfiguration' of type [org.springframework.transaction.annotation.ProxyTransactionManagementConfiguration] is not eligible for getting processed by all BeanPostProcessors (for example: not eligible for auto-proxying)
2019-11-26 17:55:18.734  WARN 17156 --- [    Test worker] org.apache.tomcat.util.modeler.Registry  : The MBean registry cannot be disabled because it has already been initialised
2019-11-26 17:55:18.738  INFO 17156 --- [    Test worker] o.s.b.w.embedded.tomcat.TomcatWebServer  : Tomcat initialized with port(s): 0 (http)
2019-11-26 17:55:18.739  INFO 17156 --- [    Test worker] o.apache.catalina.core.StandardService   : Starting service [Tomcat]
2019-11-26 17:55:18.740  INFO 17156 --- [    Test worker] org.apache.catalina.core.StandardEngine  : Starting Servlet engine: [Apache Tomcat/9.0.27]
2019-11-26 17:55:18.764  INFO 17156 --- [    Test worker] o.a.c.c.C.[Tomcat].[localhost].[/]       : Initializing Spring embedded WebApplicationContext
2019-11-26 17:55:18.764  INFO 17156 --- [    Test worker] o.s.web.context.ContextLoader            : Root WebApplicationContext: initialization completed in 393 ms
2019-11-26 17:55:18.922  INFO 17156 --- [    Test worker] o.hibernate.jpa.internal.util.LogHelper  : HHH000204: Processing PersistenceUnitInfo [name: default]
2019-11-26 17:55:18.931  INFO 17156 --- [    Test worker] com.zaxxer.hikari.HikariDataSource       : HikariPool-16 - Starting...
2019-11-26 17:55:18.939  INFO 17156 --- [    Test worker] com.zaxxer.hikari.HikariDataSource       : HikariPool-16 - Start completed.
2019-11-26 17:55:18.940  INFO 17156 --- [    Test worker] org.hibernate.dialect.Dialect            : HHH000400: Using dialect: org.hibernate.dialect.H2Dialect
2019-11-26 17:55:19.028  INFO 17156 --- [    Test worker] o.h.e.t.j.p.i.JtaPlatformInitiator       : HHH000490: Using JtaPlatform implementation: [org.hibernate.engine.transaction.jta.platform.internal.NoJtaPlatform]
2019-11-26 17:55:19.029  INFO 17156 --- [    Test worker] j.LocalContainerEntityManagerFactoryBean : Initialized JPA EntityManagerFactory for persistence unit 'default'
2019-11-26 17:55:19.383  INFO 17156 --- [    Test worker] o.s.s.concurrent.ThreadPoolTaskExecutor  : Initializing ExecutorService 'applicationTaskExecutor'
2019-11-26 17:55:19.640  INFO 17156 --- [    Test worker] o.s.b.w.embedded.tomcat.TomcatWebServer  : Tomcat started on port(s): 33679 (http) with context path ''
2019-11-26 17:55:19.641  INFO 17156 --- [    Test worker] c.i.b.i.FindAccountIntegrationTest       : Started FindAccountIntegrationTest in 1.319 seconds (JVM running for 43.928)
Request method:	GET
Request URI:	http://localhost:33679/accounts?agency=9999
Proxy:			<none>
Request params:	<none>
Query params:	agency=9999
Form params:	<none>
Path params:	<none>
Headers:		Accept=*/*
				Content-Type=application/json; charset=UTF-8
Cookies:		<none>
Multiparts:		<none>
Body:			<none>
2019-11-26 17:55:19.735  INFO 17156 --- [-auto-16-exec-1] o.a.c.c.C.[Tomcat].[localhost].[/]       : Initializing Spring DispatcherServlet 'dispatcherServlet'
2019-11-26 17:55:19.736  INFO 17156 --- [-auto-16-exec-1] o.s.web.servlet.DispatcherServlet        : Initializing Servlet 'dispatcherServlet'
2019-11-26 17:55:19.752  INFO 17156 --- [-auto-16-exec-1] o.s.web.servlet.DispatcherServlet        : Completed initialization in 16 ms
HTTP/1.1 200 
Content-Type: application/json
Transfer-Encoding: chunked
Date: Tue, 26 Nov 2019 19:55:19 GMT

[
    {
        "id": 11,
        "numberAccount": "123456",
        "agency": "9999",
        "balance": 1000.0,
        "limitAccount": 200.0,
        "accountTypeString": "SAVINGS",
        "customer": {
            "id": 11,
            "createdAt": "2019-11-26T17:55:19.714259",
            "updatedAt": "2019-11-26T17:55:19.714299",
            "cpf": "123.123.123-12",
            "name": "Rafael Marinho"
        },
        "createdAt": "26/11/2019 17:55:19",
        "updatedAt": "26/11/2019 17:55:19"
    }
]
2019-11-26 17:55:19.824  INFO 17156 --- [    Test worker] o.s.s.concurrent.ThreadPoolTaskExecutor  : Shutting down ExecutorService 'applicationTaskExecutor'
2019-11-26 17:55:19.824  INFO 17156 --- [    Test worker] j.LocalContainerEntityManagerFactoryBean : Closing JPA EntityManagerFactory for persistence unit 'default'
2019-11-26 17:55:19.825  INFO 17156 --- [    Test worker] .SchemaDropperImpl$DelayedDropActionImpl : HHH000477: Starting delayed evictData of schema as part of SessionFactory shut-down'
2019-11-26 17:55:19.828  INFO 17156 --- [    Test worker] com.zaxxer.hikari.HikariDataSource       : HikariPool-16 - Shutdown initiated...
2019-11-26 17:55:19.914  INFO 17156 --- [    Test worker] com.zaxxer.hikari.HikariDataSource       : HikariPool-16 - Shutdown completed.

  .   ____          _            __ _ _
 /\\ / ___'_ __ _ _(_)_ __  __ _ \ \ \ \
( ( )\___ | '_ | '_| | '_ \/ _` | \ \ \ \
 \\/  ___)| |_)| | | | | || (_| |  ) ) ) )
  '  |____| .__|_| |_|_| |_\__, | / / / /
 =========|_|==============|___/=/_/_/_/
 :: Spring Boot ::        (v2.2.1.RELEASE)

2019-11-26 17:55:19.965  INFO 17156 --- [    Test worker] c.i.b.i.FindAccountIntegrationTest       : Starting FindAccountIntegrationTest on incubadora-Latitude-3540 with PID 17156 (started by incubadora in /home/incubadora/IdeaProjects/bank-test-unit-integration-simplified)
2019-11-26 17:55:19.966  INFO 17156 --- [    Test worker] c.i.b.i.FindAccountIntegrationTest       : No active profile set, falling back to default profiles: default
2019-11-26 17:55:20.114  INFO 17156 --- [    Test worker] .s.d.r.c.RepositoryConfigurationDelegate : Bootstrapping Spring Data repositories in DEFAULT mode.
2019-11-26 17:55:20.131  INFO 17156 --- [    Test worker] .s.d.r.c.RepositoryConfigurationDelegate : Finished Spring Data repository scanning in 16ms. Found 2 repository interfaces.
2019-11-26 17:55:20.198  INFO 17156 --- [    Test worker] trationDelegate$BeanPostProcessorChecker : Bean 'org.springframework.transaction.annotation.ProxyTransactionManagementConfiguration' of type [org.springframework.transaction.annotation.ProxyTransactionManagementConfiguration] is not eligible for getting processed by all BeanPostProcessors (for example: not eligible for auto-proxying)
2019-11-26 17:55:20.294  WARN 17156 --- [    Test worker] org.apache.tomcat.util.modeler.Registry  : The MBean registry cannot be disabled because it has already been initialised
2019-11-26 17:55:20.297  INFO 17156 --- [    Test worker] o.s.b.w.embedded.tomcat.TomcatWebServer  : Tomcat initialized with port(s): 0 (http)
2019-11-26 17:55:20.298  INFO 17156 --- [    Test worker] o.apache.catalina.core.StandardService   : Starting service [Tomcat]
2019-11-26 17:55:20.299  INFO 17156 --- [    Test worker] org.apache.catalina.core.StandardEngine  : Starting Servlet engine: [Apache Tomcat/9.0.27]
2019-11-26 17:55:20.316  INFO 17156 --- [    Test worker] o.a.c.c.C.[Tomcat].[localhost].[/]       : Initializing Spring embedded WebApplicationContext
2019-11-26 17:55:20.316  INFO 17156 --- [    Test worker] o.s.web.context.ContextLoader            : Root WebApplicationContext: initialization completed in 348 ms
2019-11-26 17:55:20.432  INFO 17156 --- [    Test worker] o.hibernate.jpa.internal.util.LogHelper  : HHH000204: Processing PersistenceUnitInfo [name: default]
2019-11-26 17:55:20.437  INFO 17156 --- [    Test worker] com.zaxxer.hikari.HikariDataSource       : HikariPool-17 - Starting...
2019-11-26 17:55:20.444  INFO 17156 --- [    Test worker] com.zaxxer.hikari.HikariDataSource       : HikariPool-17 - Start completed.
2019-11-26 17:55:20.444  INFO 17156 --- [    Test worker] org.hibernate.dialect.Dialect            : HHH000400: Using dialect: org.hibernate.dialect.H2Dialect
2019-11-26 17:55:20.505  INFO 17156 --- [    Test worker] o.h.e.t.j.p.i.JtaPlatformInitiator       : HHH000490: Using JtaPlatform implementation: [org.hibernate.engine.transaction.jta.platform.internal.NoJtaPlatform]
2019-11-26 17:55:20.506  INFO 17156 --- [    Test worker] j.LocalContainerEntityManagerFactoryBean : Initialized JPA EntityManagerFactory for persistence unit 'default'
2019-11-26 17:55:20.815  INFO 17156 --- [    Test worker] o.s.s.concurrent.ThreadPoolTaskExecutor  : Initializing ExecutorService 'applicationTaskExecutor'
2019-11-26 17:55:21.030  INFO 17156 --- [    Test worker] o.s.b.w.embedded.tomcat.TomcatWebServer  : Tomcat started on port(s): 36593 (http) with context path ''
2019-11-26 17:55:21.031  INFO 17156 --- [    Test worker] c.i.b.i.FindAccountIntegrationTest       : Started FindAccountIntegrationTest in 1.101 seconds (JVM running for 45.317)
Request method:	GET
Request URI:	http://localhost:36593/accounts
Proxy:			<none>
Request params:	<none>
Query params:	<none>
Form params:	<none>
Path params:	<none>
Headers:		Accept=*/*
Cookies:		<none>
Multiparts:		<none>
Body:			<none>
2019-11-26 17:55:21.125  INFO 17156 --- [-auto-17-exec-1] o.a.c.c.C.[Tomcat].[localhost].[/]       : Initializing Spring DispatcherServlet 'dispatcherServlet'
2019-11-26 17:55:21.126  INFO 17156 --- [-auto-17-exec-1] o.s.web.servlet.DispatcherServlet        : Initializing Servlet 'dispatcherServlet'
2019-11-26 17:55:21.137  INFO 17156 --- [-auto-17-exec-1] o.s.web.servlet.DispatcherServlet        : Completed initialization in 11 ms
HTTP/1.1 200 
Content-Type: application/json
Transfer-Encoding: chunked
Date: Tue, 26 Nov 2019 19:55:21 GMT

[
    {
        "id": 1,
        "numberAccount": "123456",
        "agency": "1111",
        "balance": 1000.0,
        "limitAccount": 200.0,
        "accountTypeString": "SAVINGS",
        "customer": {
            "id": 1,
            "createdAt": "2019-11-26T17:55:21.037909",
            "updatedAt": "2019-11-26T17:55:21.037942",
            "cpf": "123.123.123-12",
            "name": "Rafael Marinho"
        },
        "createdAt": "26/11/2019 17:55:21",
        "updatedAt": "26/11/2019 17:55:21"
    },
    {
        "id": 2,
        "numberAccount": "123456",
        "agency": "1111",
        "balance": 1000.0,
        "limitAccount": 200.0,
        "accountTypeString": "SAVINGS",
        "customer": {
            "id": 2,
            "createdAt": "2019-11-26T17:55:21.048313",
            "updatedAt": "2019-11-26T17:55:21.048363",
            "cpf": "123.123.123-12",
            "name": "Rafael Marinho"
        },
        "createdAt": "26/11/2019 17:55:21",
        "updatedAt": "26/11/2019 17:55:21"
    },
    {
        "id": 3,
        "numberAccount": "123456",
        "agency": "1111",
        "balance": 1000.0,
        "limitAccount": 200.0,
        "accountTypeString": "SAVINGS",
        "customer": {
            "id": 3,
            "createdAt": "2019-11-26T17:55:21.053326",
            "updatedAt": "2019-11-26T17:55:21.053375",
            "cpf": "123.123.123-12",
            "name": "Rafael Marinho"
        },
        "createdAt": "26/11/2019 17:55:21",
        "updatedAt": "26/11/2019 17:55:21"
    },
    {
        "id": 4,
        "numberAccount": "123456",
        "agency": "1111",
        "balance": 1000.0,
        "limitAccount": 200.0,
        "accountTypeString": "SAVINGS",
        "customer": {
            "id": 4,
            "createdAt": "2019-11-26T17:55:21.059951",
            "updatedAt": "2019-11-26T17:55:21.059998",
            "cpf": "123.123.123-12",
            "name": "Rafael Marinho"
        },
        "createdAt": "26/11/2019 17:55:21",
        "updatedAt": "26/11/2019 17:55:21"
    },
    {
        "id": 5,
        "numberAccount": "123456",
        "agency": "1111",
        "balance": 1000.0,
        "limitAccount": 200.0,
        "accountTypeString": "SAVINGS",
        "customer": {
            "id": 5,
            "createdAt": "2019-11-26T17:55:21.065874",
            "updatedAt": "2019-11-26T17:55:21.065918",
            "cpf": "123.123.123-12",
            "name": "Rafael Marinho"
        },
        "createdAt": "26/11/2019 17:55:21",
        "updatedAt": "26/11/2019 17:55:21"
    },
    {
        "id": 6,
        "numberAccount": "123456",
        "agency": "1111",
        "balance": 1000.0,
        "limitAccount": 200.0,
        "accountTypeString": "SAVINGS",
        "customer": {
            "id": 6,
            "createdAt": "2019-11-26T17:55:21.070524",
            "updatedAt": "2019-11-26T17:55:21.070594",
            "cpf": "123.123.123-12",
            "name": "Rafael Marinho"
        },
        "createdAt": "26/11/2019 17:55:21",
        "updatedAt": "26/11/2019 17:55:21"
    },
    {
        "id": 7,
        "numberAccount": "123456",
        "agency": "1111",
        "balance": 1000.0,
        "limitAccount": 200.0,
        "accountTypeString": "SAVINGS",
        "customer": {
            "id": 7,
            "createdAt": "2019-11-26T17:55:21.083564",
            "updatedAt": "2019-11-26T17:55:21.083611",
            "cpf": "123.123.123-12",
            "name": "Rafael Marinho"
        },
        "createdAt": "26/11/2019 17:55:21",
        "updatedAt": "26/11/2019 17:55:21"
    },
    {
        "id": 8,
        "numberAccount": "123456",
        "agency": "1111",
        "balance": 1000.0,
        "limitAccount": 200.0,
        "accountTypeString": "SAVINGS",
        "customer": {
            "id": 8,
            "createdAt": "2019-11-26T17:55:21.087057",
            "updatedAt": "2019-11-26T17:55:21.087099",
            "cpf": "123.123.123-12",
            "name": "Rafael Marinho"
        },
        "createdAt": "26/11/2019 17:55:21",
        "updatedAt": "26/11/2019 17:55:21"
    },
    {
        "id": 9,
        "numberAccount": "123456",
        "agency": "1111",
        "balance": 1000.0,
        "limitAccount": 200.0,
        "accountTypeString": "SAVINGS",
        "customer": {
            "id": 9,
            "createdAt": "2019-11-26T17:55:21.090795",
            "updatedAt": "2019-11-26T17:55:21.090827",
            "cpf": "123.123.123-12",
            "name": "Rafael Marinho"
        },
        "createdAt": "26/11/2019 17:55:21",
        "updatedAt": "26/11/2019 17:55:21"
    },
    {
        "id": 10,
        "numberAccount": "123456",
        "agency": "1111",
        "balance": 1000.0,
        "limitAccount": 200.0,
        "accountTypeString": "SAVINGS",
        "customer": {
            "id": 10,
            "createdAt": "2019-11-26T17:55:21.094043",
            "updatedAt": "2019-11-26T17:55:21.094077",
            "cpf": "123.123.123-12",
            "name": "Rafael Marinho"
        },
        "createdAt": "26/11/2019 17:55:21",
        "updatedAt": "26/11/2019 17:55:21"
    }
]
2019-11-26 17:55:21.219  INFO 17156 --- [    Test worker] o.s.s.concurrent.ThreadPoolTaskExecutor  : Shutting down ExecutorService 'applicationTaskExecutor'
2019-11-26 17:55:21.220  INFO 17156 --- [    Test worker] j.LocalContainerEntityManagerFactoryBean : Closing JPA EntityManagerFactory for persistence unit 'default'
2019-11-26 17:55:21.220  INFO 17156 --- [    Test worker] .SchemaDropperImpl$DelayedDropActionImpl : HHH000477: Starting delayed evictData of schema as part of SessionFactory shut-down'
2019-11-26 17:55:21.223  INFO 17156 --- [    Test worker] com.zaxxer.hikari.HikariDataSource       : HikariPool-17 - Shutdown initiated...
2019-11-26 17:55:21.315  INFO 17156 --- [    Test worker] com.zaxxer.hikari.HikariDataSource       : HikariPool-17 - Shutdown completed.

  .   ____          _            __ _ _
 /\\ / ___'_ __ _ _(_)_ __  __ _ \ \ \ \
( ( )\___ | '_ | '_| | '_ \/ _` | \ \ \ \
 \\/  ___)| |_)| | | | | || (_| |  ) ) ) )
  '  |____| .__|_| |_|_| |_\__, | / / / /
 =========|_|==============|___/=/_/_/_/
 :: Spring Boot ::        (v2.2.1.RELEASE)

2019-11-26 17:55:21.375  INFO 17156 --- [    Test worker] c.i.b.i.FindAccountIntegrationTest       : Starting FindAccountIntegrationTest on incubadora-Latitude-3540 with PID 17156 (started by incubadora in /home/incubadora/IdeaProjects/bank-test-unit-integration-simplified)
2019-11-26 17:55:21.376  INFO 17156 --- [    Test worker] c.i.b.i.FindAccountIntegrationTest       : No active profile set, falling back to default profiles: default
2019-11-26 17:55:21.567  INFO 17156 --- [    Test worker] .s.d.r.c.RepositoryConfigurationDelegate : Bootstrapping Spring Data repositories in DEFAULT mode.
2019-11-26 17:55:21.584  INFO 17156 --- [    Test worker] .s.d.r.c.RepositoryConfigurationDelegate : Finished Spring Data repository scanning in 16ms. Found 2 repository interfaces.
2019-11-26 17:55:21.652  INFO 17156 --- [    Test worker] trationDelegate$BeanPostProcessorChecker : Bean 'org.springframework.transaction.annotation.ProxyTransactionManagementConfiguration' of type [org.springframework.transaction.annotation.ProxyTransactionManagementConfiguration] is not eligible for getting processed by all BeanPostProcessors (for example: not eligible for auto-proxying)
2019-11-26 17:55:21.752  WARN 17156 --- [    Test worker] org.apache.tomcat.util.modeler.Registry  : The MBean registry cannot be disabled because it has already been initialised
2019-11-26 17:55:21.757  INFO 17156 --- [    Test worker] o.s.b.w.embedded.tomcat.TomcatWebServer  : Tomcat initialized with port(s): 0 (http)
2019-11-26 17:55:21.758  INFO 17156 --- [    Test worker] o.apache.catalina.core.StandardService   : Starting service [Tomcat]
2019-11-26 17:55:21.759  INFO 17156 --- [    Test worker] org.apache.catalina.core.StandardEngine  : Starting Servlet engine: [Apache Tomcat/9.0.27]
2019-11-26 17:55:21.779  INFO 17156 --- [    Test worker] o.a.c.c.C.[Tomcat].[localhost].[/]       : Initializing Spring embedded WebApplicationContext
2019-11-26 17:55:21.779  INFO 17156 --- [    Test worker] o.s.web.context.ContextLoader            : Root WebApplicationContext: initialization completed in 399 ms
2019-11-26 17:55:21.934  INFO 17156 --- [    Test worker] o.hibernate.jpa.internal.util.LogHelper  : HHH000204: Processing PersistenceUnitInfo [name: default]
2019-11-26 17:55:21.943  INFO 17156 --- [    Test worker] com.zaxxer.hikari.HikariDataSource       : HikariPool-18 - Starting...
2019-11-26 17:55:21.957  INFO 17156 --- [    Test worker] com.zaxxer.hikari.HikariDataSource       : HikariPool-18 - Start completed.
2019-11-26 17:55:21.957  INFO 17156 --- [    Test worker] org.hibernate.dialect.Dialect            : HHH000400: Using dialect: org.hibernate.dialect.H2Dialect
2019-11-26 17:55:22.016  INFO 17156 --- [    Test worker] o.h.e.t.j.p.i.JtaPlatformInitiator       : HHH000490: Using JtaPlatform implementation: [org.hibernate.engine.transaction.jta.platform.internal.NoJtaPlatform]
2019-11-26 17:55:22.017  INFO 17156 --- [    Test worker] j.LocalContainerEntityManagerFactoryBean : Initialized JPA EntityManagerFactory for persistence unit 'default'
2019-11-26 17:55:22.307  INFO 17156 --- [    Test worker] o.s.s.concurrent.ThreadPoolTaskExecutor  : Initializing ExecutorService 'applicationTaskExecutor'
2019-11-26 17:55:22.544  INFO 17156 --- [    Test worker] o.s.b.w.embedded.tomcat.TomcatWebServer  : Tomcat started on port(s): 39805 (http) with context path ''
2019-11-26 17:55:22.545  INFO 17156 --- [    Test worker] c.i.b.i.FindAccountIntegrationTest       : Started FindAccountIntegrationTest in 1.216 seconds (JVM running for 46.831)
Request method:	GET
Request URI:	http://localhost:39805/accounts?limitAccount=9999.99
Proxy:			<none>
Request params:	<none>
Query params:	limitAccount=9999.99
Form params:	<none>
Path params:	<none>
Headers:		Accept=*/*
				Content-Type=application/json; charset=UTF-8
Cookies:		<none>
Multiparts:		<none>
Body:			<none>
2019-11-26 17:55:22.628  INFO 17156 --- [-auto-18-exec-1] o.a.c.c.C.[Tomcat].[localhost].[/]       : Initializing Spring DispatcherServlet 'dispatcherServlet'
2019-11-26 17:55:22.629  INFO 17156 --- [-auto-18-exec-1] o.s.web.servlet.DispatcherServlet        : Initializing Servlet 'dispatcherServlet'
2019-11-26 17:55:22.641  INFO 17156 --- [-auto-18-exec-1] o.s.web.servlet.DispatcherServlet        : Completed initialization in 12 ms
HTTP/1.1 200 
Content-Type: application/json
Transfer-Encoding: chunked
Date: Tue, 26 Nov 2019 19:55:22 GMT

[
    {
        "id": 11,
        "numberAccount": "123456",
        "agency": "1111",
        "balance": 1000.0,
        "limitAccount": 9999.99,
        "accountTypeString": "SAVINGS",
        "customer": {
            "id": 11,
            "createdAt": "2019-11-26T17:55:22.608231",
            "updatedAt": "2019-11-26T17:55:22.608263",
            "cpf": "123.123.123-12",
            "name": "Rafael Marinho"
        },
        "createdAt": "26/11/2019 17:55:22",
        "updatedAt": "26/11/2019 17:55:22"
    }
]
2019-11-26 17:55:22.702  INFO 17156 --- [    Test worker] o.s.s.concurrent.ThreadPoolTaskExecutor  : Shutting down ExecutorService 'applicationTaskExecutor'
2019-11-26 17:55:22.704  INFO 17156 --- [    Test worker] j.LocalContainerEntityManagerFactoryBean : Closing JPA EntityManagerFactory for persistence unit 'default'
2019-11-26 17:55:22.704  INFO 17156 --- [    Test worker] .SchemaDropperImpl$DelayedDropActionImpl : HHH000477: Starting delayed evictData of schema as part of SessionFactory shut-down'
2019-11-26 17:55:22.706  INFO 17156 --- [    Test worker] com.zaxxer.hikari.HikariDataSource       : HikariPool-18 - Shutdown initiated...
2019-11-26 17:55:23.018  INFO 17156 --- [    Test worker] com.zaxxer.hikari.HikariDataSource       : HikariPool-18 - Shutdown completed.

  .   ____          _            __ _ _
 /\\ / ___'_ __ _ _(_)_ __  __ _ \ \ \ \
( ( )\___ | '_ | '_| | '_ \/ _` | \ \ \ \
 \\/  ___)| |_)| | | | | || (_| |  ) ) ) )
  '  |____| .__|_| |_|_| |_\__, | / / / /
 =========|_|==============|___/=/_/_/_/
 :: Spring Boot ::        (v2.2.1.RELEASE)

2019-11-26 17:55:23.079  INFO 17156 --- [    Test worker] c.i.b.i.FindAccountIntegrationTest       : Starting FindAccountIntegrationTest on incubadora-Latitude-3540 with PID 17156 (started by incubadora in /home/incubadora/IdeaProjects/bank-test-unit-integration-simplified)
2019-11-26 17:55:23.080  INFO 17156 --- [    Test worker] c.i.b.i.FindAccountIntegrationTest       : No active profile set, falling back to default profiles: default
2019-11-26 17:55:23.260  INFO 17156 --- [    Test worker] .s.d.r.c.RepositoryConfigurationDelegate : Bootstrapping Spring Data repositories in DEFAULT mode.
2019-11-26 17:55:23.275  INFO 17156 --- [    Test worker] .s.d.r.c.RepositoryConfigurationDelegate : Finished Spring Data repository scanning in 15ms. Found 2 repository interfaces.
2019-11-26 17:55:23.354  INFO 17156 --- [    Test worker] trationDelegate$BeanPostProcessorChecker : Bean 'org.springframework.transaction.annotation.ProxyTransactionManagementConfiguration' of type [org.springframework.transaction.annotation.ProxyTransactionManagementConfiguration] is not eligible for getting processed by all BeanPostProcessors (for example: not eligible for auto-proxying)
2019-11-26 17:55:23.467  WARN 17156 --- [    Test worker] org.apache.tomcat.util.modeler.Registry  : The MBean registry cannot be disabled because it has already been initialised
2019-11-26 17:55:23.470  INFO 17156 --- [    Test worker] o.s.b.w.embedded.tomcat.TomcatWebServer  : Tomcat initialized with port(s): 0 (http)
2019-11-26 17:55:23.471  INFO 17156 --- [    Test worker] o.apache.catalina.core.StandardService   : Starting service [Tomcat]
2019-11-26 17:55:23.471  INFO 17156 --- [    Test worker] org.apache.catalina.core.StandardEngine  : Starting Servlet engine: [Apache Tomcat/9.0.27]
2019-11-26 17:55:23.494  INFO 17156 --- [    Test worker] o.a.c.c.C.[Tomcat].[localhost].[/]       : Initializing Spring embedded WebApplicationContext
2019-11-26 17:55:23.494  INFO 17156 --- [    Test worker] o.s.web.context.ContextLoader            : Root WebApplicationContext: initialization completed in 410 ms
2019-11-26 17:55:23.654  INFO 17156 --- [    Test worker] o.hibernate.jpa.internal.util.LogHelper  : HHH000204: Processing PersistenceUnitInfo [name: default]
2019-11-26 17:55:23.663  INFO 17156 --- [    Test worker] com.zaxxer.hikari.HikariDataSource       : HikariPool-19 - Starting...
2019-11-26 17:55:23.669  INFO 17156 --- [    Test worker] com.zaxxer.hikari.HikariDataSource       : HikariPool-19 - Start completed.
2019-11-26 17:55:23.669  INFO 17156 --- [    Test worker] org.hibernate.dialect.Dialect            : HHH000400: Using dialect: org.hibernate.dialect.H2Dialect
2019-11-26 17:55:23.764  INFO 17156 --- [    Test worker] o.h.e.t.j.p.i.JtaPlatformInitiator       : HHH000490: Using JtaPlatform implementation: [org.hibernate.engine.transaction.jta.platform.internal.NoJtaPlatform]
2019-11-26 17:55:23.764  INFO 17156 --- [    Test worker] j.LocalContainerEntityManagerFactoryBean : Initialized JPA EntityManagerFactory for persistence unit 'default'
2019-11-26 17:55:24.170  INFO 17156 --- [    Test worker] o.s.s.concurrent.ThreadPoolTaskExecutor  : Initializing ExecutorService 'applicationTaskExecutor'
2019-11-26 17:55:24.418  INFO 17156 --- [    Test worker] o.s.b.w.embedded.tomcat.TomcatWebServer  : Tomcat started on port(s): 43057 (http) with context path ''
2019-11-26 17:55:24.419  INFO 17156 --- [    Test worker] c.i.b.i.FindAccountIntegrationTest       : Started FindAccountIntegrationTest in 1.379 seconds (JVM running for 48.706)
Request method:	GET
Request URI:	http://localhost:43057/accounts?idCustomer=1
Proxy:			<none>
Request params:	<none>
Query params:	idCustomer=1
Form params:	<none>
Path params:	<none>
Headers:		Accept=*/*
				Content-Type=application/json; charset=UTF-8
Cookies:		<none>
Multiparts:		<none>
Body:			<none>
2019-11-26 17:55:24.512  INFO 17156 --- [-auto-19-exec-1] o.a.c.c.C.[Tomcat].[localhost].[/]       : Initializing Spring DispatcherServlet 'dispatcherServlet'
2019-11-26 17:55:24.513  INFO 17156 --- [-auto-19-exec-1] o.s.web.servlet.DispatcherServlet        : Initializing Servlet 'dispatcherServlet'
2019-11-26 17:55:24.528  INFO 17156 --- [-auto-19-exec-1] o.s.web.servlet.DispatcherServlet        : Completed initialization in 15 ms
HTTP/1.1 200 
Content-Type: application/json
Transfer-Encoding: chunked
Date: Tue, 26 Nov 2019 19:55:24 GMT

[
    {
        "id": 1,
        "numberAccount": "123456",
        "agency": "1111",
        "balance": 1000.0,
        "limitAccount": 200.0,
        "accountTypeString": "SAVINGS",
        "customer": {
            "id": 1,
            "createdAt": "2019-11-26T17:55:24.428984",
            "updatedAt": "2019-11-26T17:55:24.429012",
            "cpf": "123.123.123-12",
            "name": "Rafael Marinho"
        },
        "createdAt": "26/11/2019 17:55:24",
        "updatedAt": "26/11/2019 17:55:24"
    }
]
]]></system-out>
  <system-err><![CDATA[]]></system-err>
</testsuite>
