<?xml version="1.0" encoding="UTF-8"?>
<testsuite name="com.invillia.banktestunitintegration.unitaryTest.AccountServiceTest" tests="9" skipped="0" failures="0" errors="0" timestamp="2019-11-26T19:55:28" hostname="incubadora-Latitude-3540" time="0.121">
  <properties/>
  <testcase name="shouldWithdrawInAccountWithoutIdCustomerTest()" classname="com.invillia.banktestunitintegration.unitaryTest.AccountServiceTest" time="0.036"/>
  <testcase name="shouldDepositInAccountWithNegativeNumber()" classname="com.invillia.banktestunitintegration.unitaryTest.AccountServiceTest" time="0.006"/>
  <testcase name="shouldNotSaveAccountWithoutIdCustomerTest()" classname="com.invillia.banktestunitintegration.unitaryTest.AccountServiceTest" time="0.011"/>
  <testcase name="shouldWithdrawInAccountWithNegativeNumber()" classname="com.invillia.banktestunitintegration.unitaryTest.AccountServiceTest" time="0.006"/>
  <testcase name="shouldSaveAccountWithSuccessTest()" classname="com.invillia.banktestunitintegration.unitaryTest.AccountServiceTest" time="0.011"/>
  <testcase name="shouldWithdrawInAccountWithoutLimitTest()" classname="com.invillia.banktestunitintegration.unitaryTest.AccountServiceTest" time="0.009"/>
  <testcase name="shouldDepositInAccountWithoutIdCustomerTest()" classname="com.invillia.banktestunitintegration.unitaryTest.AccountServiceTest" time="0.007"/>
  <testcase name="shouldDepositInAccountWithSuccessTest()" classname="com.invillia.banktestunitintegration.unitaryTest.AccountServiceTest" time="0.01"/>
  <testcase name="shouldWithdrawInAccountWithSuccessTest()" classname="com.invillia.banktestunitintegration.unitaryTest.AccountServiceTest" time="0.007"/>
  <system-out><![CDATA[2019-11-26 17:55:27.328  INFO 17156 --- [    Test worker] .b.t.c.SpringBootTestContextBootstrapper : Neither @ContextConfiguration nor @ContextHierarchy found for test class [com.invillia.banktestunitintegration.unitaryTest.AccountServiceTest], using SpringBootContextLoader
2019-11-26 17:55:27.330  INFO 17156 --- [    Test worker] o.s.t.c.support.AbstractContextLoader    : Could not detect default resource locations for test class [com.invillia.banktestunitintegration.unitaryTest.AccountServiceTest]: no resource found for suffixes {-context.xml, Context.groovy}.
2019-11-26 17:55:27.331  INFO 17156 --- [    Test worker] t.c.s.AnnotationConfigContextLoaderUtils : Could not detect default configuration classes for test class [com.invillia.banktestunitintegration.unitaryTest.AccountServiceTest]: AccountServiceTest does not declare any static, non-private, non-final, nested classes annotated with @Configuration.
2019-11-26 17:55:27.341  INFO 17156 --- [    Test worker] .b.t.c.SpringBootTestContextBootstrapper : Found @SpringBootConfiguration com.invillia.banktestunitintegration.BankTestUnitIntegrationApplication for test class com.invillia.banktestunitintegration.unitaryTest.AccountServiceTest
2019-11-26 17:55:27.342  INFO 17156 --- [    Test worker] .b.t.c.SpringBootTestContextBootstrapper : Loaded default TestExecutionListener class names from location [META-INF/spring.factories]: [org.springframework.boot.test.autoconfigure.restdocs.RestDocsTestExecutionListener, org.springframework.boot.test.autoconfigure.web.client.MockRestServiceServerResetTestExecutionListener, org.springframework.boot.test.autoconfigure.web.servlet.MockMvcPrintOnlyOnFailureTestExecutionListener, org.springframework.boot.test.autoconfigure.web.servlet.WebDriverTestExecutionListener, org.springframework.boot.test.mock.mockito.MockitoTestExecutionListener, org.springframework.boot.test.mock.mockito.ResetMocksTestExecutionListener, org.springframework.test.context.web.ServletTestExecutionListener, org.springframework.test.context.support.DirtiesContextBeforeModesTestExecutionListener, org.springframework.test.context.support.DependencyInjectionTestExecutionListener, org.springframework.test.context.support.DirtiesContextTestExecutionListener, org.springframework.test.context.transaction.TransactionalTestExecutionListener, org.springframework.test.context.jdbc.SqlScriptsTestExecutionListener, org.springframework.test.context.event.EventPublishingTestExecutionListener]
2019-11-26 17:55:27.343  INFO 17156 --- [    Test worker] .b.t.c.SpringBootTestContextBootstrapper : Using TestExecutionListeners: [org.springframework.test.context.web.ServletTestExecutionListener@7386d147, org.springframework.test.context.support.DirtiesContextBeforeModesTestExecutionListener@77e5fb6f, org.springframework.boot.test.mock.mockito.MockitoTestExecutionListener@7d739b2e, org.springframework.boot.test.autoconfigure.SpringBootDependencyInjectionTestExecutionListener@6631be27, org.springframework.test.context.support.DirtiesContextTestExecutionListener@23f8474f, org.springframework.test.context.transaction.TransactionalTestExecutionListener@7b9efedc, org.springframework.test.context.jdbc.SqlScriptsTestExecutionListener@1ad5b06a, org.springframework.test.context.event.EventPublishingTestExecutionListener@717ee591, org.springframework.boot.test.autoconfigure.restdocs.RestDocsTestExecutionListener@105d06ce, org.springframework.boot.test.autoconfigure.web.client.MockRestServiceServerResetTestExecutionListener@1cb97207, org.springframework.boot.test.autoconfigure.web.servlet.MockMvcPrintOnlyOnFailureTestExecutionListener@2bd8d71a, org.springframework.boot.test.autoconfigure.web.servlet.WebDriverTestExecutionListener@2d8cfd9d, org.springframework.boot.test.mock.mockito.ResetMocksTestExecutionListener@551ff594]

  .   ____          _            __ _ _
 /\\ / ___'_ __ _ _(_)_ __  __ _ \ \ \ \
( ( )\___ | '_ | '_| | '_ \/ _` | \ \ \ \
 \\/  ___)| |_)| | | | | || (_| |  ) ) ) )
  '  |____| .__|_| |_|_| |_\__, | / / / /
 =========|_|==============|___/=/_/_/_/
 :: Spring Boot ::        (v2.2.1.RELEASE)

2019-11-26 17:55:27.374  INFO 17156 --- [    Test worker] c.i.b.unitaryTest.AccountServiceTest     : Starting AccountServiceTest on incubadora-Latitude-3540 with PID 17156 (started by incubadora in /home/incubadora/IdeaProjects/bank-test-unit-integration-simplified)
2019-11-26 17:55:27.374  INFO 17156 --- [    Test worker] c.i.b.unitaryTest.AccountServiceTest     : No active profile set, falling back to default profiles: default
2019-11-26 17:55:27.525  INFO 17156 --- [    Test worker] .s.d.r.c.RepositoryConfigurationDelegate : Bootstrapping Spring Data repositories in DEFAULT mode.
2019-11-26 17:55:27.536  INFO 17156 --- [    Test worker] .s.d.r.c.RepositoryConfigurationDelegate : Finished Spring Data repository scanning in 10ms. Found 2 repository interfaces.
2019-11-26 17:55:27.874  INFO 17156 --- [    Test worker] trationDelegate$BeanPostProcessorChecker : Bean 'org.springframework.transaction.annotation.ProxyTransactionManagementConfiguration' of type [org.springframework.transaction.annotation.ProxyTransactionManagementConfiguration] is not eligible for getting processed by all BeanPostProcessors (for example: not eligible for auto-proxying)
2019-11-26 17:55:28.002  INFO 17156 --- [    Test worker] o.hibernate.jpa.internal.util.LogHelper  : HHH000204: Processing PersistenceUnitInfo [name: default]
2019-11-26 17:55:28.008  INFO 17156 --- [    Test worker] com.zaxxer.hikari.HikariDataSource       : HikariPool-22 - Starting...
2019-11-26 17:55:28.009  INFO 17156 --- [    Test worker] com.zaxxer.hikari.HikariDataSource       : HikariPool-22 - Start completed.
2019-11-26 17:55:28.009  INFO 17156 --- [    Test worker] org.hibernate.dialect.Dialect            : HHH000400: Using dialect: org.hibernate.dialect.H2Dialect
2019-11-26 17:55:28.067  INFO 17156 --- [    Test worker] o.h.e.t.j.p.i.JtaPlatformInitiator       : HHH000490: Using JtaPlatform implementation: [org.hibernate.engine.transaction.jta.platform.internal.NoJtaPlatform]
2019-11-26 17:55:28.067  INFO 17156 --- [    Test worker] j.LocalContainerEntityManagerFactoryBean : Initialized JPA EntityManagerFactory for persistence unit 'default'
2019-11-26 17:55:28.328  INFO 17156 --- [    Test worker] o.s.s.concurrent.ThreadPoolTaskExecutor  : Initializing ExecutorService 'applicationTaskExecutor'
2019-11-26 17:55:28.543  INFO 17156 --- [    Test worker] c.i.b.unitaryTest.AccountServiceTest     : Started AccountServiceTest in 1.193 seconds (JVM running for 52.83)
]]></system-out>
  <system-err><![CDATA[]]></system-err>
</testsuite>
