<?xml version="1.0" encoding="UTF-8"?>
<testsuite name="com.invillia.banktestunitintegration.integrationTest.SaveAccountIntegrationTest" tests="1" skipped="0" failures="0" errors="0" timestamp="2019-11-26T19:54:58" hostname="incubadora-Latitude-3540" time="2.116">
  <properties/>
  <testcase name="shouldcreateAccountWithSuccessTest()" classname="com.invillia.banktestunitintegration.integrationTest.SaveAccountIntegrationTest" time="2.116"/>
  <system-out><![CDATA[2019-11-26 17:54:58.839  INFO 17156 --- [    Test worker] .b.t.c.SpringBootTestContextBootstrapper : Neither @ContextConfiguration nor @ContextHierarchy found for test class [com.invillia.banktestunitintegration.integrationTest.SaveAccountIntegrationTest], using SpringBootContextLoader
2019-11-26 17:54:58.841  INFO 17156 --- [    Test worker] o.s.t.c.support.AbstractContextLoader    : Could not detect default resource locations for test class [com.invillia.banktestunitintegration.integrationTest.SaveAccountIntegrationTest]: no resource found for suffixes {-context.xml, Context.groovy}.
2019-11-26 17:54:58.866  INFO 17156 --- [    Test worker] .b.t.c.SpringBootTestContextBootstrapper : Loaded default TestExecutionListener class names from location [META-INF/spring.factories]: [org.springframework.boot.test.autoconfigure.restdocs.RestDocsTestExecutionListener, org.springframework.boot.test.autoconfigure.web.client.MockRestServiceServerResetTestExecutionListener, org.springframework.boot.test.autoconfigure.web.servlet.MockMvcPrintOnlyOnFailureTestExecutionListener, org.springframework.boot.test.autoconfigure.web.servlet.WebDriverTestExecutionListener, org.springframework.boot.test.mock.mockito.MockitoTestExecutionListener, org.springframework.boot.test.mock.mockito.ResetMocksTestExecutionListener, org.springframework.test.context.web.ServletTestExecutionListener, org.springframework.test.context.support.DirtiesContextBeforeModesTestExecutionListener, org.springframework.test.context.support.DependencyInjectionTestExecutionListener, org.springframework.test.context.support.DirtiesContextTestExecutionListener, org.springframework.test.context.transaction.TransactionalTestExecutionListener, org.springframework.test.context.jdbc.SqlScriptsTestExecutionListener, org.springframework.test.context.event.EventPublishingTestExecutionListener]
2019-11-26 17:54:58.868  INFO 17156 --- [    Test worker] .b.t.c.SpringBootTestContextBootstrapper : Using TestExecutionListeners: [org.springframework.test.context.web.ServletTestExecutionListener@7f632aee, org.springframework.test.context.support.DirtiesContextBeforeModesTestExecutionListener@4745228d, org.springframework.boot.test.mock.mockito.MockitoTestExecutionListener@24932395, org.springframework.boot.test.autoconfigure.SpringBootDependencyInjectionTestExecutionListener@78e201c2, org.springframework.test.context.support.DirtiesContextTestExecutionListener@1eb0606a, org.springframework.test.context.transaction.TransactionalTestExecutionListener@700f787b, org.springframework.test.context.jdbc.SqlScriptsTestExecutionListener@4dbd6264, org.springframework.test.context.event.EventPublishingTestExecutionListener@25398600, org.springframework.boot.test.autoconfigure.restdocs.RestDocsTestExecutionListener@381711fd, org.springframework.boot.test.autoconfigure.web.client.MockRestServiceServerResetTestExecutionListener@33507a24, org.springframework.boot.test.autoconfigure.web.servlet.MockMvcPrintOnlyOnFailureTestExecutionListener@15d88068, org.springframework.boot.test.autoconfigure.web.servlet.WebDriverTestExecutionListener@7cb81d55, org.springframework.boot.test.mock.mockito.ResetMocksTestExecutionListener@7ca063c6]
2019-11-26 17:54:58.894  INFO 17156 --- [    Test worker] o.s.s.concurrent.ThreadPoolTaskExecutor  : Shutting down ExecutorService 'applicationTaskExecutor'
2019-11-26 17:54:58.900  INFO 17156 --- [    Test worker] j.LocalContainerEntityManagerFactoryBean : Closing JPA EntityManagerFactory for persistence unit 'default'
2019-11-26 17:54:58.901  INFO 17156 --- [    Test worker] .SchemaDropperImpl$DelayedDropActionImpl : HHH000477: Starting delayed evictData of schema as part of SessionFactory shut-down'
2019-11-26 17:54:58.913  INFO 17156 --- [    Test worker] com.zaxxer.hikari.HikariDataSource       : HikariPool-4 - Shutdown initiated...
2019-11-26 17:54:59.056  INFO 17156 --- [    Test worker] com.zaxxer.hikari.HikariDataSource       : HikariPool-4 - Shutdown completed.

  .   ____          _            __ _ _
 /\\ / ___'_ __ _ _(_)_ __  __ _ \ \ \ \
( ( )\___ | '_ | '_| | '_ \/ _` | \ \ \ \
 \\/  ___)| |_)| | | | | || (_| |  ) ) ) )
  '  |____| .__|_| |_|_| |_\__, | / / / /
 =========|_|==============|___/=/_/_/_/
 :: Spring Boot ::        (v2.2.1.RELEASE)

2019-11-26 17:54:59.114  INFO 17156 --- [    Test worker] c.i.b.i.SaveAccountIntegrationTest       : Starting SaveAccountIntegrationTest on incubadora-Latitude-3540 with PID 17156 (started by incubadora in /home/incubadora/IdeaProjects/bank-test-unit-integration-simplified)
2019-11-26 17:54:59.115  INFO 17156 --- [    Test worker] c.i.b.i.SaveAccountIntegrationTest       : No active profile set, falling back to default profiles: default
2019-11-26 17:54:59.378  INFO 17156 --- [    Test worker] .s.d.r.c.RepositoryConfigurationDelegate : Bootstrapping Spring Data repositories in DEFAULT mode.
2019-11-26 17:54:59.392  INFO 17156 --- [    Test worker] .s.d.r.c.RepositoryConfigurationDelegate : Finished Spring Data repository scanning in 13ms. Found 2 repository interfaces.
2019-11-26 17:54:59.541  INFO 17156 --- [    Test worker] trationDelegate$BeanPostProcessorChecker : Bean 'org.springframework.transaction.annotation.ProxyTransactionManagementConfiguration' of type [org.springframework.transaction.annotation.ProxyTransactionManagementConfiguration] is not eligible for getting processed by all BeanPostProcessors (for example: not eligible for auto-proxying)
2019-11-26 17:54:59.680  WARN 17156 --- [    Test worker] org.apache.tomcat.util.modeler.Registry  : The MBean registry cannot be disabled because it has already been initialised
2019-11-26 17:54:59.685  INFO 17156 --- [    Test worker] o.s.b.w.embedded.tomcat.TomcatWebServer  : Tomcat initialized with port(s): 0 (http)
2019-11-26 17:54:59.687  INFO 17156 --- [    Test worker] o.apache.catalina.core.StandardService   : Starting service [Tomcat]
2019-11-26 17:54:59.687  INFO 17156 --- [    Test worker] org.apache.catalina.core.StandardEngine  : Starting Servlet engine: [Apache Tomcat/9.0.27]
2019-11-26 17:54:59.716  INFO 17156 --- [    Test worker] o.a.c.c.C.[Tomcat].[localhost].[/]       : Initializing Spring embedded WebApplicationContext
2019-11-26 17:54:59.716  INFO 17156 --- [    Test worker] o.s.web.context.ContextLoader            : Root WebApplicationContext: initialization completed in 599 ms
2019-11-26 17:54:59.895  INFO 17156 --- [    Test worker] o.hibernate.jpa.internal.util.LogHelper  : HHH000204: Processing PersistenceUnitInfo [name: default]
2019-11-26 17:54:59.904  INFO 17156 --- [    Test worker] com.zaxxer.hikari.HikariDataSource       : HikariPool-5 - Starting...
2019-11-26 17:54:59.913  INFO 17156 --- [    Test worker] com.zaxxer.hikari.HikariDataSource       : HikariPool-5 - Start completed.
2019-11-26 17:54:59.914  INFO 17156 --- [    Test worker] org.hibernate.dialect.Dialect            : HHH000400: Using dialect: org.hibernate.dialect.H2Dialect
2019-11-26 17:55:00.061  INFO 17156 --- [    Test worker] o.h.e.t.j.p.i.JtaPlatformInitiator       : HHH000490: Using JtaPlatform implementation: [org.hibernate.engine.transaction.jta.platform.internal.NoJtaPlatform]
2019-11-26 17:55:00.062  INFO 17156 --- [    Test worker] j.LocalContainerEntityManagerFactoryBean : Initialized JPA EntityManagerFactory for persistence unit 'default'
2019-11-26 17:55:00.475  INFO 17156 --- [    Test worker] o.s.s.concurrent.ThreadPoolTaskExecutor  : Initializing ExecutorService 'applicationTaskExecutor'
2019-11-26 17:55:00.726  INFO 17156 --- [    Test worker] o.s.b.w.embedded.tomcat.TomcatWebServer  : Tomcat started on port(s): 46343 (http) with context path ''
2019-11-26 17:55:00.727  INFO 17156 --- [    Test worker] c.i.b.i.SaveAccountIntegrationTest       : Started SaveAccountIntegrationTest in 1.653 seconds (JVM running for 25.013)
Request method:	POST
Request URI:	http://localhost:46343/accounts
Proxy:			<none>
Request params:	<none>
Query params:	<none>
Form params:	<none>
Path params:	<none>
Headers:		Accept=*/*
				Content-Type=application/json; charset=UTF-8
Cookies:		<none>
Multiparts:		<none>
Body:
{
    "numberAccount": "123456",
    "agency": "1111",
    "balance": 1000.0,
    "limitAccount": 0.0,
    "accountTypeString": "SAVINGS",
    "idCustomer": 1
}
2019-11-26 17:55:00.822  INFO 17156 --- [o-auto-5-exec-1] o.a.c.c.C.[Tomcat].[localhost].[/]       : Initializing Spring DispatcherServlet 'dispatcherServlet'
2019-11-26 17:55:00.825  INFO 17156 --- [o-auto-5-exec-1] o.s.web.servlet.DispatcherServlet        : Initializing Servlet 'dispatcherServlet'
2019-11-26 17:55:00.844  INFO 17156 --- [o-auto-5-exec-1] o.s.web.servlet.DispatcherServlet        : Completed initialization in 19 ms
HTTP/1.1 201 
Location: http://localhost:46343/accounts/1
Content-Length: 0
Date: Tue, 26 Nov 2019 19:55:00 GMT
]]></system-out>
  <system-err><![CDATA[]]></system-err>
</testsuite>
